2025-09-28T14:29:23.246194600 | 0:0:0:0:0:0:0:1 | POST | /auth/login
2025-09-28T14:30:40.890518800 | 0:0:0:0:0:0:0:1 | POST | /auth/login
2025-09-28T14:47:38.589444900 | 0:0:0:0:0:0:0:1 | POST | /auth/login
2025-09-28T14:47:50.680774 | 0:0:0:0:0:0:0:1 | GET | /categories
2025-09-28T14:48:20.724816 | 0:0:0:0:0:0:0:1 | POST | /categories
2025-09-28T14:48:55.786415800 | 0:0:0:0:0:0:0:1 | PUT | /categories/5
2025-09-28T14:49:07.207404700 | 0:0:0:0:0:0:0:1 | PUT | /categories/5/deactivate
2025-09-28T14:49:10.872797200 | 0:0:0:0:0:0:0:1 | GET | /categories
2025-09-28T14:49:16.018396300 | 0:0:0:0:0:0:0:1 | PUT | /categories/5
2025-09-28T14:49:18.700567300 | 0:0:0:0:0:0:0:1 | GET | /categories
2025-09-28T14:49:58.541070800 | 0:0:0:0:0:0:0:1 | GET | /products
2025-09-28T14:50:40.130379800 | 0:0:0:0:0:0:0:1 | POST | /products
2025-09-28T14:50:47.244816500 | 0:0:0:0:0:0:0:1 | GET | /products
2025-09-28T14:51:40.808498 | 0:0:0:0:0:0:0:1 | PUT | /products/8
2025-09-28T14:51:57.124091 | 0:0:0:0:0:0:0:1 | PUT | /products/7
2025-09-28T14:52:10.125934300 | 0:0:0:0:0:0:0:1 | PUT | /products/7/deactivate
2025-09-28T14:52:14.008700100 | 0:0:0:0:0:0:0:1 | GET | /products
2025-09-28T14:52:18.215640600 | 0:0:0:0:0:0:0:1 | PUT | /products/7
2025-09-28T14:52:22.964189600 | 0:0:0:0:0:0:0:1 | PUT | /products/7/deactivate
2025-09-28T14:52:27.173213400 | 0:0:0:0:0:0:0:1 | PUT | /products/7
2025-09-28T14:53:11.023874700 | 0:0:0:0:0:0:0:1 | POST | /auth/login
2025-09-28T14:53:24.828577400 | 0:0:0:0:0:0:0:1 | GET | /users
2025-09-28T14:55:15.531019100 | 0:0:0:0:0:0:0:1 | POST | /users
2025-09-28T14:55:58.743367600 | 0:0:0:0:0:0:0:1 | POST | /auth/login
2025-09-28T14:57:30.332457500 | 0:0:0:0:0:0:0:1 | PUT | /users/5
2025-09-28T14:57:54.145203 | 0:0:0:0:0:0:0:1 | PUT | /users/stepha.castellanos
2025-09-28T14:58:00.472141900 | 0:0:0:0:0:0:0:1 | PUT | /users/steph.castellanos
2025-09-28T15:12:10.356465100 | 0:0:0:0:0:0:0:1 | POST | /auth/login
2025-09-28T15:12:33.668709400 | 0:0:0:0:0:0:0:1 | GET | /users
2025-09-28T15:12:47.566547100 | 0:0:0:0:0:0:0:1 | PUT | /users/3
2025-09-28T15:13:05.381597100 | 0:0:0:0:0:0:0:1 | POST | /auth/login
2025-09-28T15:13:21.046011500 | 0:0:0:0:0:0:0:1 | POST | /auth/login
2025-09-28T15:20:50.252693100 | 0:0:0:0:0:0:0:1 | POST | /auth/login
2025-09-28T15:20:52.544490300 | 0:0:0:0:0:0:0:1 | POST | /auth/login
2025-09-28T15:21:13.794346400 | 0:0:0:0:0:0:0:1 | POST | /auth/login
2025-09-28T15:22:52.010425300 | 0:0:0:0:0:0:0:1 | POST | /auth/login
2025-09-28T15:23:10.092397600 | 0:0:0:0:0:0:0:1 | POST | /auth/login
2025-09-28T15:23:41.031888400 | 0:0:0:0:0:0:0:1 | PUT | /users/3
2025-09-28T15:23:45.614477 | 0:0:0:0:0:0:0:1 | POST | /auth/login
2025-09-28T15:24:08.772172 | 0:0:0:0:0:0:0:1 | POST | /auth/login
2025-09-28T15:24:33.213934 | 0:0:0:0:0:0:0:1 | PUT | /users/3/deactivate
2025-09-28T15:24:36.635978400 | 0:0:0:0:0:0:0:1 | GET | /users
2025-09-28T15:31:28.585829100 | 0:0:0:0:0:0:0:1 | POST | /auth/login
2025-09-28T15:31:33.711704100 | 0:0:0:0:0:0:0:1 | GET | /users
2025-09-28T15:32:08.748986200 | 0:0:0:0:0:0:0:1 | POST | /auth/login
2025-09-28T15:33:07.359055700 | 0:0:0:0:0:0:0:1 | POST | /auth/login
2025-09-28T15:42:08.081300300 | 0:0:0:0:0:0:0:1 | POST | /auth/login
2025-09-28T15:42:25.045196400 | 0:0:0:0:0:0:0:1 | POST | /auth/login
2025-09-28T15:42:59.438973500 | 0:0:0:0:0:0:0:1 | POST | /auth/login
2025-09-28T15:43:19.589216700 | 0:0:0:0:0:0:0:1 | POST | /auth/login
2025-09-28T15:43:39.095703200 | 0:0:0:0:0:0:0:1 | PUT | /users/3
2025-09-28T16:08:34.865594200 | 0:0:0:0:0:0:0:1 | POST | /auth/login
2025-09-28T16:08:51.902045800 | 0:0:0:0:0:0:0:1 | GET | /products
2025-09-28T16:09:03.703863500 | 0:0:0:0:0:0:0:1 | GET | /categories
2025-09-28T16:09:35.055157800 | 0:0:0:0:0:0:0:1 | POST | /auth/login
2025-09-28T16:09:47.696549500 | 0:0:0:0:0:0:0:1 | GET | /users
2025-09-28T16:09:54.514714500 | 0:0:0:0:0:0:0:1 | POST | /users
2025-09-28T16:09:58.324650500 | 0:0:0:0:0:0:0:1 | GET | /users
2025-09-28T16:10:10.784938 | 0:0:0:0:0:0:0:1 | PUT | /users/4
2025-09-28T16:10:18.531676200 | 0:0:0:0:0:0:0:1 | GET | /users
2025-09-28T16:10:34.287685400 | 0:0:0:0:0:0:0:1 | PUT | /users/4/deactivate
2025-09-28T16:10:40.215974700 | 0:0:0:0:0:0:0:1 | GET | /users
2025-09-28T16:10:58.175721600 | 0:0:0:0:0:0:0:1 | POST | /auth/login
2025-09-28T16:11:07.684174800 | 0:0:0:0:0:0:0:1 | PUT | /users/4
2025-09-28T16:11:13.150132800 | 0:0:0:0:0:0:0:1 | POST | /auth/login
2025-09-28T16:12:16.734070 | 0:0:0:0:0:0:0:1 | GET | /categories
2025-09-28T16:12:22.043590900 | 0:0:0:0:0:0:0:1 | POST | /categories
2025-09-28T16:12:31.221133900 | 0:0:0:0:0:0:0:1 | GET | /categories
2025-09-28T16:12:56.104346900 | 0:0:0:0:0:0:0:1 | PUT | /categories/6
2025-09-28T16:13:05.555481500 | 0:0:0:0:0:0:0:1 | GET | /categories
2025-09-28T16:13:21.878962300 | 0:0:0:0:0:0:0:1 | PUT | /categories/6/deactivate
2025-09-28T16:13:26.571169800 | 0:0:0:0:0:0:0:1 | GET | /categories
2025-09-28T16:13:41.917210400 | 0:0:0:0:0:0:0:1 | GET | /products
2025-09-28T16:14:00.403597700 | 0:0:0:0:0:0:0:1 | PUT | /categories/6
2025-09-28T16:14:23.329046200 | 0:0:0:0:0:0:0:1 | GET | /products
2025-09-28T16:14:34.633893100 | 0:0:0:0:0:0:0:1 | POST | /products
2025-09-28T16:14:54.043825 | 0:0:0:0:0:0:0:1 | POST | /products
2025-09-28T16:15:06.395159200 | 0:0:0:0:0:0:0:1 | GET | /products
2025-09-28T16:15:41.434594700 | 0:0:0:0:0:0:0:1 | PUT | /products/8
2025-09-28T16:15:47.985998700 | 0:0:0:0:0:0:0:1 | PUT | /products/8
2025-09-28T16:16:19.486512 | 0:0:0:0:0:0:0:1 | GET | /products
2025-09-28T16:16:30.736886900 | 0:0:0:0:0:0:0:1 | PUT | /products/8/deactivate
2025-09-28T16:16:49.495411600 | 0:0:0:0:0:0:0:1 | GET | /products
2025-09-28T16:35:45.578006300 | 0:0:0:0:0:0:0:1 | GET | /swagger-ui/index.html
2025-09-28T16:35:45.688884700 | 0:0:0:0:0:0:0:1 | GET | /swagger-ui/swagger-ui.css
2025-09-28T16:35:45.693819700 | 0:0:0:0:0:0:0:1 | GET | /swagger-ui/swagger-ui-standalone-preset.js
2025-09-28T16:35:45.700888600 | 0:0:0:0:0:0:0:1 | GET | /swagger-ui/swagger-ui-bundle.js
2025-09-28T16:35:45.702901400 | 0:0:0:0:0:0:0:1 | GET | /swagger-ui/swagger-initializer.js
2025-09-28T16:35:45.701880100 | 0:0:0:0:0:0:0:1 | GET | /swagger-ui/index.css
2025-09-28T16:35:45.932968800 | 0:0:0:0:0:0:0:1 | GET | /v3/api-docs/swagger-config
2025-09-28T16:35:45.932968800 | 0:0:0:0:0:0:0:1 | GET | /swagger-ui/favicon-32x32.png
2025-09-28T16:35:46.095064 | 0:0:0:0:0:0:0:1 | GET | /v3/api-docs
2025-09-28T16:35:46.105942 | 0:0:0:0:0:0:0:1 | GET | /swagger-ui/favicon-32x32.png
2025-09-28T16:35:51.300472100 | 0:0:0:0:0:0:0:1 | GET | /swagger-ui/favicon-32x32.png
2025-09-28T16:41:24.568591900 | 0:0:0:0:0:0:0:1 | POST | /auth/login
2025-09-28T17:19:15.947432800 | 0:0:0:0:0:0:0:1 | GET | /swagger-ui.html
2025-09-28T17:19:16.029344700 | 0:0:0:0:0:0:0:1 | GET | /swagger-ui/index.html
2025-09-28T17:19:16.067388400 | 0:0:0:0:0:0:0:1 | GET | /swagger-ui/swagger-ui.css
2025-09-28T17:19:16.071420100 | 0:0:0:0:0:0:0:1 | GET | /swagger-ui/index.css
2025-09-28T17:19:16.079501 | 0:0:0:0:0:0:0:1 | GET | /swagger-ui/swagger-ui-bundle.js
2025-09-28T17:19:16.081523800 | 0:0:0:0:0:0:0:1 | GET | /swagger-ui/swagger-initializer.js
2025-09-28T17:19:16.083548 | 0:0:0:0:0:0:0:1 | GET | /swagger-ui/swagger-ui-standalone-preset.js
2025-09-28T17:19:16.247235400 | 0:0:0:0:0:0:0:1 | GET | /v3/api-docs/swagger-config
2025-09-28T17:19:16.265588400 | 0:0:0:0:0:0:0:1 | GET | /swagger-ui/favicon-32x32.png
2025-09-28T17:19:16.303661 | 0:0:0:0:0:0:0:1 | GET | /v3/api-docs
2025-09-28T17:24:40.876459900 | 0:0:0:0:0:0:0:1 | GET | /swagger-ui/index.html
2025-09-28T17:24:40.938073800 | 0:0:0:0:0:0:0:1 | GET | /swagger-ui/swagger-ui-bundle.js
2025-09-28T17:24:40.941132400 | 0:0:0:0:0:0:0:1 | GET | /swagger-ui/swagger-initializer.js
2025-09-28T17:24:40.942172200 | 0:0:0:0:0:0:0:1 | GET | /swagger-ui/swagger-ui.css
2025-09-28T17:24:40.943193300 | 0:0:0:0:0:0:0:1 | GET | /swagger-ui/swagger-ui-standalone-preset.js
2025-09-28T17:24:40.943193300 | 0:0:0:0:0:0:0:1 | GET | /swagger-ui/index.css
2025-09-28T17:24:41.121266100 | 0:0:0:0:0:0:0:1 | GET | /swagger-ui/favicon-32x32.png
2025-09-28T17:24:41.122812200 | 0:0:0:0:0:0:0:1 | GET | /v3/api-docs/swagger-config
2025-09-28T17:24:41.216668400 | 0:0:0:0:0:0:0:1 | GET | /v3/api-docs
2025-09-28T17:26:46.545441300 | 0:0:0:0:0:0:0:1 | GET | /swagger-ui/index.html
2025-09-28T17:26:46.577448800 | 0:0:0:0:0:0:0:1 | GET | /swagger-ui/index.css
2025-09-28T17:26:46.581086600 | 0:0:0:0:0:0:0:1 | GET | /swagger-ui/swagger-ui-bundle.js
2025-09-28T17:26:46.581086600 | 0:0:0:0:0:0:0:1 | GET | /swagger-ui/swagger-ui-standalone-preset.js
2025-09-28T17:26:46.583138600 | 0:0:0:0:0:0:0:1 | GET | /swagger-ui/swagger-initializer.js
2025-09-28T17:26:46.582099600 | 0:0:0:0:0:0:0:1 | GET | /swagger-ui/swagger-ui.css
2025-09-28T17:26:47.073225900 | 0:0:0:0:0:0:0:1 | GET | /v3/api-docs/swagger-config
2025-09-28T17:26:47.074262700 | 0:0:0:0:0:0:0:1 | GET | /swagger-ui/favicon-32x32.png
2025-09-28T17:26:47.087303100 | 0:0:0:0:0:0:0:1 | GET | /v3/api-docs
